2505910, 18202
2505910, 18202
2505910, 18202
2505910, 18202
2505910, 18202
2505910, 18202
2505910, 18202
2505910, 18202
2505910, 18202
2505910, 18202
2505910, 18202
2505910, 18202
2505910, 18202
2505910, 18202
2505910, 18202
2505910, 16512
2505910, 15822
2518512, 2736
2518512, 7760
2518512, 12800
2518512, 15366
2518512, 16638
2518512, 16638
2518512, 16638
2518512, 16638
2518512, 16638
2518512, 16638
2518512, 16638
2518512, 16638
2518512, 16638
2518512, 16638
2518512, 16638
2518512, 16638
2518512, 16638
2518512, 16638
2518512, 16638
2518512, 16638
2518512, 16638
2518512, 16638
2518512, 16638
2518512, 16638
2518512, 16638
2518512, 16638
2518512, 16638
2518512, 16638
2518512, 16638
2518512, 16638
2518512, 16638
2518512, 16638
2518512, 16638
2518512, 16638
2518512, 16638
2518512, 16638
2518512, 16638
2518512, 16638
2518512, 16638
2518512, 16638
2518512, 16638
2518512, 16638
2518512, 16638
2518512, 16638
2518512, 16638
2518512, 16638
2518512, 16638
2518512, 16984
2518512, 16984
2518512, 16984
2518512, 16984
2518512, 16984
2518512, 16984
2518512, 16984
2518512, 16984
2518512, 16984
2518512, 16984
2518512, 16984
2518512, 16984
2518512, 16984
2518512, 16984
2518512, 16984
2518512, 16984
2518512, 16984
2518512, 16984
2518512, 16984
2518512, 16984
2518512, 16984
2518512, 16984
2518512, 16984
2518512, 16984
2518512, 16984
2518512, 16984
2518512, 16984
2518512, 16984
2518512, 16984
2518512, 16984
2518512, 16984
2518512, 16984
2518860, 1184
2518860, 4050
2518860, 7442
2518860, 7442
2518860, 7442
2518860, 7444
2518860, 7444
2518860, 7444
2518860, 7444
2518860, 7444
2518860, 7444
2518860, 7444
2518860, 7444
2518860, 7444
2518860, 7444
2518860, 7444
2518860, 7444
2518860, 7444
2518969, 1360
2518969, 6978
2518969, 7112
2518969, 7112
2518969, 7112
2518969, 7112
2518969, 7112
2518969, 6892
2518969, 7202
2518969, 7360
2518969, 7074
2518969, 7298
2518969, 6914
2518969, 7156
2518969, 7116
2518969, 7482
2518969, 7346
2518969, 7720
2518969, 7892
2518969, 7696
2518969, 7696
2518969, 7372
2518969, 8080
2518969, 7558
2518969, 8148
2518969, 8054
2518969, 7388
2518969, 8064
2518969, 7456
2518969, 7502
2518969, 7246
2518969, 7798
2518969, 7926
2518969, 8018
2518969, 8358
2518969, 8410
2518969, 8246
2518969, 7986
2518969, 8204
2518969, 8260
2518969, 9224
2518969, 8064
2518969, 8382
2518969, 7794
2518969, 9076
2518969, 8630
2518969, 8026
2518969, 7640
2518969, 7706
2518969, 8238
2518969, 8270
2518969, 8420
2518969, 8160
2518969, 8082
2518969, 7514
2518969, 7906
2518969, 8218
2518969, 8524
2518969, 8544
2518969, 8732
2518969, 8726
2518969, 8952
2518969, 8052
2518969, 8122
2518969, 8180
2518969, 7638
2518969, 8372
2518969, 9036
2518969, 9000
2518969, 7950
2518969, 8020
2518969, 8762
2518969, 8320
2518969, 7854
2518969, 8928
2518969, 8588
2518969, 8482
2518969, 8514
2518969, 8496
2518969, 7934
2518969, 8352
2518969, 9590
2518969, 8658
2518969, 8816
2518969, 9586
2518969, 8888
2518969, 8204
2518969, 8408
2518969, 9180
2518969, 8338
2518969, 9634
2518969, 8512
2518969, 8654
2518969, 7726
2518969, 8570
2518969, 8596
2518969, 9198
2518969, 8230
2518969, 8324
2518969, 9362
2518969, 8410
2518969, 8340
2518969, 8622
2518969, 8788
2518969, 8184
2518969, 9924
2518969, 9064
2518969, 10044
2518969, 8112
2518969, 8306
2518969, 9686
2518969, 8196
2518969, 8840
2518969, 9408
2518969, 10312
2518969, 10312
2518969, 10312
2518969, 10312
2518969, 10312
2518969, 10312
2518969, 10312
2518969, 10312
2518969, 10312
2518969, 10312
2518969, 10312
2518969, 10312
2518969, 10312
2518969, 10312
2518969, 10312
2518969, 10312
2518969, 10312
2518969, 10312
2518969, 10312
2518969, 10312
2518969, 10312
2518969, 10312
2518969, 10312
2518969, 10312
2518969, 10312
2518969, 10312
2518969, 10312
2518969, 10312
2518969, 10312
2518969, 10312
2518969, 10312
2518969, 10312
2518969, 10312
2518969, 10312
2518969, 10312
2518969, 10312
2518969, 10312
2518969, 10312
2518969, 10312
2518969, 10312
2518969, 10312
2518969, 10312
2518969, 10312
2518969, 10312
2518969, 10312
2518969, 10312
2518969, 10312
2518969, 10312
2518969, 10312
2518969, 10312
2518969, 10312
2518969, 10312
2518969, 10312
2518969, 10312
2518969, 10312
2518969, 10312
2518969, 10312
2518969, 10312
2518969, 10312
2518969, 10312
2518969, 10312
2518969, 10312
2518969, 10312
2518969, 10312
2518969, 10312
2518969, 10312
2518969, 10312
2518969, 10312
2518969, 10312
2518969, 10312
2518969, 10312
2518969, 10312
2518969, 10312
2518969, 10312
2518969, 10312
2518969, 10312
2518969, 10312
2518969, 10312
2518969, 10312
2518969, 10312
2518969, 10312
2518969, 10312
2518969, 10312
2518969, 10312
2518969, 10312
2518969, 10312
2518969, 10312
2518969, 10312
2518969, 10312
2518969, 10312
2518969, 10312
2518969, 10312
2518969, 10312
2518969, 10312
2518969, 10312
2518969, 10312
2518969, 10312
2518969, 10312
2518969, 10312
2518969, 10312
2518969, 7204
2519739, 1856
2519739, 6806
2519739, 7198
2519739, 7936
2519739, 8396
2519739, 8396
2519739, 8396
2519739, 8396
2519739, 8396
2519739, 8396
2519739, 8396
2519739, 8396
2519739, 11544
2519739, 11544
2519739, 11544
2519739, 11544
2519739, 11544
2519739, 11544
2519739, 11544
2519739, 11544
2519739, 11544
2519739, 11544
2519739, 11544
2519739, 11544
2519850, 1424
2519850, 5554
2519850, 5554
2519850, 5554
2519850, 5556
2519850, 5556
2519850, 5556
2519850, 4976
2519895, 4240
2519895, 6074
2519895, 6074
2519895, 6074
2519895, 6074
2519895, 6074
2519895, 6230
2519895, 6242
2519895, 6386
2519895, 6168
2519895, 6494
2519895, 6206
2519895, 6504
2519895, 6458
2519895, 6370
2519895, 6530
2519895, 6488
2519895, 6544
2519895, 6530
2519895, 6908
2519895, 6762
2519895, 6530
2519895, 7088
2519895, 6868
2519895, 6516
2519895, 6648
2519895, 6588
2519895, 6726
2519895, 7176
2519895, 6842
2519895, 7110
2519895, 6486
2519895, 6912
2519895, 6266
2519895, 7000
2519895, 7450
2519895, 7238
2519895, 7160
2519895, 7260
2519895, 7452
2519895, 7382
2519895, 7154
2519895, 7082
2519895, 6802
2519895, 7516
2519895, 7100
2519895, 7338
2519895, 7486
2519895, 7426
2519895, 7550
2519895, 7276
2519895, 7326
2519895, 7328
2519895, 7054
2519895, 7610
2519895, 7302
2519895, 6680
2519895, 7272
2519895, 7402
2519895, 7268
2519895, 7466
2519895, 7290
2519895, 7518
2519895, 7524
2519895, 7380
2519895, 7776
2519895, 8226
2519895, 7614
2519895, 7222
2519895, 8390
2519895, 7016
2519895, 7326
2519895, 7654
2519895, 7108
2519895, 7374
2519895, 7478
2519895, 7814
2519895, 8436
2519895, 8066
2519895, 7212
2519895, 7720
2519895, 8298
2519895, 8364
2519895, 7822
2519895, 7642
2519895, 7822
2519895, 8370
2519895, 7958
2519895, 7868
2519895, 8732
2519895, 8316
2519895, 7776
2519895, 8578
2519895, 8534
2519895, 7954
2519895, 7694
2519895, 8102
2519895, 8254
2519895, 8814
2519895, 8070
2519895, 6844
2519895, 7888
2519895, 7358
2519895, 8458
2519895, 8028
2519895, 8278
2519895, 7960
2519895, 8326
2519895, 8014
2519895, 7710
2519895, 7918
2519895, 7856
2519895, 8596
2519895, 9114
2519895, 8734
2519895, 8630
2519895, 8884
2519895, 8568
2519895, 8330
2519895, 8252
2519895, 8770
2519895, 8770
2519895, 8770
2519895, 8770
2519895, 8770
2519895, 8770
2519895, 8770
2519895, 8770
2519895, 8770
2519895, 8770
2519895, 8770
2519895, 8770
2519895, 8770
2519895, 8770
2519895, 8770
2519895, 8770
2519895, 8770
2519895, 8770
2519895, 8770
2519895, 8770
2519895, 8770
2519895, 8770
2519895, 8770
2519895, 8770
2519895, 8770
2519895, 8770
2519895, 8770
2519895, 8770
2519895, 8770
2519895, 8770
2519895, 8770
2519895, 8770
2519895, 8770
2519895, 8770
2519895, 8770
2519895, 8770
2519895, 8770
2519895, 8770
2519895, 8770
2519895, 8770
2519895, 8770
2519895, 8770
2519895, 8770
2519895, 8770
2519895, 8770
2519895, 8770
2519895, 8770
2519895, 8770
2519895, 8770
2519895, 8770
2519895, 8770
2519895, 8770
2519895, 8770
2519895, 8770
2519895, 8770
2519895, 8770
2519895, 8770
2519895, 8770
2519895, 8770
2519895, 8770
2519895, 8770
2519895, 8770
2519895, 8770
2519895, 8770
2519895, 8770
2519895, 8770
2519895, 8770
2519895, 8770
2519895, 8770
2519895, 8770
2519895, 8770
2519895, 8770
2519895, 8770
2519895, 8770
2519895, 8770
2519895, 8770
2519895, 8770
2519895, 8770
2519895, 8770
2519895, 8770
2519895, 8770
2519895, 8770
2519895, 8770
2519895, 8770
2519895, 8770
2519895, 8770
2519895, 8770
2519895, 8770
2519895, 8770
2519895, 8770
2519895, 8770
2519895, 8770
2519895, 8770
2519895, 8770
2519895, 8770
2519895, 8770
2519895, 8770
2519895, 8770
2519895, 8770
2519895, 8770
2519895, 8770
2519895, 8770
2519895, 8770
2519895, 8770
2519895, 8770
2519895, 8770
2519895, 8770
2519895, 8770
2519895, 8770
2519895, 8770
2519895, 8770
2519895, 8770
2519895, 6688
2521216, 2576
2521216, 6416
2521216, 6416
2521216, 7192
2521216, 7406
2521216, 7406
2521216, 8336
2521216, 9308
2521216, 9308
2521216, 9308
2521216, 9308
2521216, 9308
2521216, 9308
2521216, 9308
2521216, 9756
2521216, 9756
2521216, 9756
2521216, 9756
2521216, 9756
2521216, 9756
2521216, 9756
2521216, 9756
2521216, 9756
2521216, 9756
2521359, 1970
2521359, 5362
2521359, 5362
2521359, 5362
2521359, 5364
2521359, 5364
2521399, 4516
2521399, 4516
2521399, 4516
2521399, 4516
2521399, 4516
2521399, 4516
2521399, 4388
2521399, 4520
2521399, 4538
2521399, 4572
2521399, 4648
2521399, 4570
2521399, 4546
2521399, 4738
2521399, 4496
2521399, 4790
2521399, 4638
2521399, 4882
2521399, 4870
2521399, 5010
2521399, 5048
2521399, 5482
2521399, 4842
2521399, 4862
2521399, 4966
2521399, 5038
2521399, 4796
2521399, 5280
2521399, 4960
2521399, 5018
2521399, 5208
2521399, 5022
2521399, 5064
2521399, 5646
2521399, 5216
2521399, 5380
2521399, 5224
2521399, 5958
2521399, 5406
2521399, 5928
2521399, 5408
2521399, 5890
2521399, 5482
2521399, 5476
2521399, 5468
2521399, 5836
2521399, 4970
2521399, 5850
2521399, 6066
2521399, 5632
2521399, 5060
2521399, 6222
2521399, 6182
2521399, 5566
2521399, 6410
2521399, 5214
2521399, 5418
2521399, 6456
2521399, 5700
2521399, 5594
2521399, 7408
2521399, 5676
2521399, 5342
2521399, 6688
2521399, 6688
2521399, 5986
2521399, 6500
2521399, 6246
2521399, 5852
2521399, 5560
2521399, 6056
2521399, 7506
2521399, 5748
2521399, 6208
2521399, 6072
2521399, 6368
2521399, 5334
2521399, 6642
2521399, 5256
2521399, 5036
2521399, 5930
2521399, 6302
2521399, 7200
2521399, 6598
2521399, 6448
2521399, 7028
2521399, 5288
2521399, 6416
2521399, 7318
2521399, 6374
2521399, 6466
2521399, 6406
2521399, 5802
2521399, 6546
2521399, 5384
2521399, 7070
2521399, 6782
2521399, 6594
2521399, 7568
2521399, 5838
2521399, 7876
2521399, 5724
2521399, 7248
2521399, 5202
2521399, 7204
2521399, 6352
2521399, 8114
2521399, 5352
2521399, 5554
2521399, 7172
2521399, 7730
2521399, 5868
2521399, 6696
2521399, 9084
2521399, 9084
2521399, 9084
2521399, 9084
2521399, 9084
2521399, 9084
2521399, 9084
2521399, 9084
2521399, 9084
2521399, 9084
2521399, 9084
2521399, 9084
2521399, 9084
2521399, 9084
2521399, 9084
2521399, 9084
2521399, 9084
2521399, 9084
2521399, 9084
2521399, 9084
2521399, 9084
2521399, 9084
2521399, 9084
2521399, 9084
2521399, 9084
2521399, 9084
2521399, 9084
2521399, 9084
2521399, 9084
2521399, 9084
2521399, 9084
2521399, 9084
2521399, 9084
2521399, 9084
2521399, 9084
2521399, 9084
2521399, 9084
2521399, 9084
2521399, 9084
2521399, 9084
2521399, 9084
2521399, 9084
2521399, 9084
2521399, 9084
2521399, 9084
2521399, 9084
2521399, 9084
2521399, 9084
2521399, 9084
2521399, 9084
2521399, 9084
2521399, 9084
2521399, 9084
2521399, 9084
2521399, 9084
2521399, 9084
2521399, 9084
2521399, 9084
2521399, 9084
2521399, 9084
2521399, 9084
2521399, 9084
2521399, 9084
2521399, 9084
2521399, 9084
2521399, 9084
2521399, 9084
2521399, 9084
2521399, 9084
2521399, 9084
2521399, 9084
2521399, 9084
2521399, 9084
2521399, 9084
2521399, 9084
2521399, 9084
2521399, 9084
2521399, 9084
2521399, 9084
2521399, 9084
2521399, 9084
2521399, 9084
2521399, 9084
2521399, 9084
2521399, 9084
2521399, 9084
2521399, 9084
2521399, 9084
2521399, 9084
2521399, 9084
2521399, 9084
2521399, 9084
2521399, 9084
2521399, 9084
2521399, 9084
2521399, 9084
2521399, 9084
2521399, 9084
2521399, 9084
2521399, 9084
2521399, 9084
2521399, 9084
2521399, 9084
2521399, 4486
2522175, 2848
2522175, 4842
2522175, 6142
2522175, 6142
2522175, 6142
2522175, 6142
2522175, 6142
2522175, 6142
2522175, 6142
2522175, 6142
2522175, 6142
2522175, 6142
2522175, 6142
2522244, 4946
2522244, 4946
2522244, 4946
2522244, 4948
2522276, 2964
2522276, 3096
2522276, 3096
2522276, 3096
2522276, 3096
2522276, 3128
2522276, 3128
2522276, 3150
2522276, 3210
2522276, 3242
2522276, 3228
2522276, 3304
2522276, 3206
2522276, 3324
2522276, 3300
2522276, 3258
2522276, 3322
2522276, 3428
2522276, 3516
2522276, 3296
2522276, 3582
2522276, 3414
2522276, 3354
2522276, 3394
2522276, 3570
2522276, 3600
2522276, 3632
2522276, 3576
2522276, 3624
2522276, 3580
2522276, 3770
2522276, 3854
2522276, 3630
2522276, 3754
2522276, 3594
2522276, 3926
2522276, 3820
2522276, 3694
2522276, 3036
2522276, 3972
2522276, 3824
2522276, 4024
2522276, 3956
2522276, 4082
2522276, 4222
2522276, 3760
2522276, 3794
2522276, 3790
2522276, 3906
2522276, 4316
2522276, 4026
2522276, 3790
2522276, 3980
2522276, 3876
2522276, 4416
2522276, 3966
2522276, 4446
2522276, 4296
2522276, 3824
2522276, 4406
2522276, 4580
2522276, 4170
2522276, 3994
2522276, 4260
2522276, 4536
2522276, 4266
2522276, 4162
2522276, 4058
2522276, 4258
2522276, 3966
2522276, 4132
2522276, 4342
2522276, 4430
2522276, 4282
2522276, 4166
2522276, 4428
2522276, 4716
2522276, 4202
2522276, 4536
2522276, 4556
2522276, 4296
2522276, 4652
2522276, 4790
2522276, 5058
2522276, 5058
2522276, 5058
2522276, 5058
2522276, 5058
2522276, 5058
2522276, 5058
2522276, 5058
2522276, 5058
2522276, 5058
2522276, 5058
2522276, 5058
2522276, 5058
2522276, 5058
2522276, 5058
2522276, 5058
2522276, 5058
2522276, 5058
2522276, 5058
2522276, 5058
2522276, 5058
2522276, 5058
2522276, 5058
2522276, 5058
2522276, 5058
2522276, 5058
2522276, 5058
2522276, 5058
2522276, 5058
2522276, 5058
2522276, 5058
2522276, 5058
2522276, 5058
2522276, 5058
2522276, 5058
2522276, 5058
2522276, 5058
2522276, 5058
2522276, 5058
2522276, 5058
2522276, 5058
2522276, 5058
2522276, 5058
2522276, 5058
2522276, 5058
2522276, 5058
2522276, 5058
2522276, 5058
2522276, 5058
2522276, 5058
2522276, 5058
2522276, 5058
2522276, 5058
2522276, 5058
2522276, 5058
2522276, 5058
2522276, 5058
2522276, 5058
2522276, 5058
2522276, 5058
2522276, 5058
2522276, 5058
2522276, 5058
2522276, 5058
2522276, 5058
2522276, 5058
2522276, 5058
2522276, 5058
2522276, 5058
2522276, 5058
2522276, 5058
2522276, 5058
2522276, 5058
2522276, 5058
2522276, 5058
2522276, 5058
2522276, 5058
2522276, 5058
2522276, 5058
2522276, 5058
2522276, 5058
2522276, 5058
2522276, 3432
2522883, 2160
2522883, 3352
2522883, 3760
2522883, 4138
2522883, 4430
2522883, 4430
2522883, 4430
2522883, 4430
2522883, 4430
2522883, 4430
2522883, 4430
2522959, 4594
2522959, 4594
